<?xml version="1.0" encoding="UTF-8"?>
<testng-results ignored="0" total="1" passed="1" failed="0" skipped="0">
  <reporter-output>
  </reporter-output>
  <suite started-at="2024-12-23T10:56:27 IST" name="Default suite" finished-at="2024-12-23T10:56:27 IST" duration-ms="161">
    <groups>
    </groups>
    <test started-at="2024-12-23T10:56:27 IST" name="Default test" finished-at="2024-12-23T10:56:27 IST" duration-ms="161">
      <class name="com.Brisos.testscipt.CamapaginModule">
        <test-method signature="Demo()[pri:0, instance:com.Brisos.testscipt.CamapaginModule@1aafa419]" started-at="2024-12-23T10:56:27 IST" name="Demo" finished-at="2024-12-23T10:56:27 IST" duration-ms="24" status="PASS">
          <reporter-output>
          </reporter-output>
        </test-method> <!-- Demo -->
      </class> <!-- com.Brisos.testscipt.CamapaginModule -->
    </test> <!-- Default test -->
  </suite> <!-- Default suite -->
</testng-results>
